<?xml version="1.0" encoding="UTF-8"?>
<!-- Generated by org.testng.reporters.JUnitReportReporter -->
<testsuite skipped="0" hostname="ATMECSINLT-085" name="com.atmecs.konakart_css.testscripts.KonakartHome" tests="2" failures="0" timestamp="15 Oct 2019 09:31:37 GMT" time="20.921" errors="0">
  <testcase name="validateKonakart" time="11.247" classname="com.atmecs.konakart_css.testscripts.KonakartHome"/>
  <testcase name="validateKonakart" time="9.674" classname="com.atmecs.konakart_css.testscripts.KonakartHome"/>
</testsuite> <!-- com.atmecs.konakart_css.testscripts.KonakartHome -->
