<?xml version="1.0" encoding="UTF-8"?>
<!-- Generated by org.testng.reporters.JUnitReportReporter -->
<testsuite skipped="0" hostname="ATMECSINLT-085" name="com.atmecs.konakart_css.testscripts.KonakartHome" tests="2" failures="0" timestamp="15 Oct 2019 14:59:39 GMT" time="23.969" errors="0">
  <testcase name="validateKonakart" time="12.402" classname="com.atmecs.konakart_css.testscripts.KonakartHome"/>
  <testcase name="validateKonakart" time="11.567" classname="com.atmecs.konakart_css.testscripts.KonakartHome"/>
</testsuite> <!-- com.atmecs.konakart_css.testscripts.KonakartHome -->
