<?xml version="1.0" encoding="UTF-8"?>
<!-- Generated by org.testng.reporters.JUnitReportReporter -->
<testsuite skipped="0" hostname="ATMECSINLT-085" name="com.atmecs.konakart_css.testscripts.HeroImage" tests="2" failures="0" timestamp="15 Oct 2019 14:59:39 GMT" time="56.834" errors="0">
  <testcase name="validateHeroImage" time="20.387" classname="com.atmecs.konakart_css.testscripts.HeroImage"/>
  <testcase name="validateHeroImage" time="36.447" classname="com.atmecs.konakart_css.testscripts.HeroImage"/>
</testsuite> <!-- com.atmecs.konakart_css.testscripts.HeroImage -->
